2024-09-04 12:16:33.872 DEBUG:  -> : Logging initialized
2024-09-04 12:16:33.931 INFO: helpers.py -> <module>: Helpers loaded
2024-09-04 12:16:36.085 INFO: display/__init__.py -> _load_driver: Loaded and initialized display driver: sh1106
2024-09-04 12:16:36.131 INFO: display/__init__.py -> _load_driver: Loaded and initialized display driver: sh1106
2024-09-04 12:16:36.134 INFO: home/kali/PiPerW/main.py -> init: Initializing PiPerW
2024-09-04 12:16:36.180 WARNING: home/kali/PiPerW/main.py -> init: Initializing peripherals
2024-09-04 12:16:36.188 WARNING: home/kali/PiPerW/main.py -> init: Initializing pheripherals
2024-09-04 12:16:36.189 WARNING: home/kali/PiPerW/main.py -> init: Registering controller: keyboard
2024-09-04 12:16:36.605 WARNING: home/kali/PiPerW/main.py -> init: Registering controller: waveshare_hat
2024-09-04 12:16:36.695 INFO: pheripherals/__init__.py -> loop: Pheripherals loop started
2024-09-04 12:16:37.723 INFO: home/kali/PiPerW/main.py -> init: PiPerW initialized
2024-09-04 12:16:37.818 WARNING: home/kali/PiPerW/main.py -> init: Icon not found for folder Utils
2024-09-04 12:16:37.923 WARNING: home/kali/PiPerW/main.py -> init: Icon not found for folder BadUSB
2024-09-04 12:16:37.956 WARNING: home/kali/PiPerW/main.py -> init: Initializing menu
2024-09-04 12:16:37.978 INFO: utils/Menu.py -> __init__: Creating menu items
2024-09-04 12:16:38.006 INFO: utils/Menu.py -> __init__: Creating item 0
2024-09-04 12:16:38.059 INFO: utils/Menu.py -> __init__: Creating item 1
2024-09-04 12:16:38.116 INFO: utils/Menu.py -> __init__: Creating item 2
2024-09-04 12:16:38.173 INFO: utils/Menu.py -> __init__: Creating item 3
2024-09-04 12:16:38.226 INFO: utils/Menu.py -> __init__: Creating item 4
2024-09-04 12:16:38.295 INFO: utils/Menu.py -> __init__: Creating item 5
2024-09-04 12:16:38.363 INFO: utils/Menu.py -> __init__: Creating item 6
2024-09-04 12:16:38.432 INFO: utils/Menu.py -> __init__: Creating item 7
2024-09-04 12:16:38.491 INFO: utils/Menu.py -> __init__: Menu initialized
2024-09-04 12:16:38.543 WARNING: utils/Menu.py -> __init__: Screen timeout
2024-09-04 12:16:48.789 INFO: home/kali/PiPerW/main.py -> check_last_activity: Screen wakeup
2024-09-04 12:16:58.683 WARNING: home/kali/PiPerW/main.py -> check_last_activity: Screen timeout
2024-09-04 12:17:07.013 INFO: home/kali/PiPerW/main.py -> check_last_activity: Screen wakeup
2024-09-04 12:17:12.740 WARNING: home/kali/PiPerW/main.py -> check_last_activity: Icon not found for folder pico-badusb
2024-09-04 12:17:12.773 WARNING: home/kali/PiPerW/main.py -> check_last_activity: Initializing menu
2024-09-04 12:17:12.798 INFO: utils/Menu.py -> __init__: Creating menu items
2024-09-04 12:17:12.824 INFO: utils/Menu.py -> __init__: Creating item 0
2024-09-04 12:17:12.890 INFO: utils/Menu.py -> __init__: Menu initialized
2024-09-04 12:17:19.255 INFO: display/__init__.py -> _load_driver: Loaded and initialized display driver: sh1106
2024-09-04 12:17:19.382 ERROR: display/__init__.py -> _load_driver: App crashed
pico-badusb: [Errno 108] Cannot send after transport endpoint shutdown
Traceback (most recent call last):
  File "/home/kali/PiPerW/main.py", line 201, in execute_app
    t.join()
  File "/home/kali/PiPerW/PiPerW/helpers.py", line 119, in join
    raise self.exc
  File "/home/kali/PiPerW/PiPerW/helpers.py", line 112, in run
    self._target(*self._args, **self._kwargs)
  File "/home/kali/PiPerW/apps/BadUSB/pico-badusb/__init__.py", line 25, in run
    self.usb.run("powershell")
  File "/home/kali/PiPerW/apps/BadUSB/pico-badusb/badusb.py", line 666, in run
    self.kbRawWrite(text.encode())
  File "/home/kali/PiPerW/apps/BadUSB/pico-badusb/badusb.py", line 362, in kbRawWrite
    self.keyboard.flush()
BrokenPipeError: [Errno 108] Cannot send after transport endpoint shutdown
2024-09-04 12:19:10.490 INFO: home/kali/PiPerW/main.py -> <module>: Exiting PiPerW
2024-09-04 12:19:10.554 WARNING: home/kali/PiPerW/main.py -> <module>: Stopping pheripherals
2024-09-04 12:19:10.592 WARNING: home/kali/PiPerW/main.py -> <module>: Pheripherals loop ended.
